<?xml version="1.0" encoding="UTF-8"?>
<testsuite xmlns:xsi="http://www.w3.org/2001/XMLSchema-instance" xsi:noNamespaceSchemaLocation="https://maven.apache.org/surefire/maven-surefire-plugin/xsd/surefire-test-report-3.0.xsd" version="3.0" name="uk.gov.dwp.uc.pairtest.TicketServiceImplTest" time="1.084" tests="8" errors="0" skipped="0" failures="0">
  <properties>
[...]
</properties>
  <testcase name="shouldNotReserveSeatForInfant" classname="uk.gov.dwp.uc.pairtest.TicketServiceImplTest" time="1.009"/>
  <testcase name="shouldProcessAdultTickets" classname="uk.gov.dwp.uc.pairtest.TicketServiceImplTest" time="0.004"/>
  <testcase name="shouldNotCallServicesOnFailure" classname="uk.gov.dwp.uc.pairtest.TicketServiceImplTest" time="0.007"/>
  <testcase name="shouldThrowIfInvalidAccount" classname="uk.gov.dwp.uc.pairtest.TicketServiceImplTest" time="0.002"/>
  <testcase name="shouldThrowIfNoAdultWithChild" classname="uk.gov.dwp.uc.pairtest.TicketServiceImplTest" time="0.003"/>
  <testcase name="shouldAllowExactly25Tickets" classname="uk.gov.dwp.uc.pairtest.TicketServiceImplTest" time="0.004"/>
  <testcase name="shouldProcessMixedTickets" classname="uk.gov.dwp.uc.pairtest.TicketServiceImplTest" time="0.003"/>
  <testcase name="shouldThrowIfMoreThan25Tickets" classname="uk.gov.dwp.uc.pairtest.TicketServiceImplTest" time="0.003"/>
</testsuite>